2025-05-26 02:35:06 [INFO] __main__ - Pipeline pipeline_20250526_023506_a27d6e - Starting pipeline pipeline_20250526_023506_a27d6e
2025-05-26 02:35:06 [INFO] __main__ - Pipeline pipeline_20250526_023506_a27d6e - Step 1: Fetching market data...
2025-05-26 02:35:06 [DEBUG] urllib3.connectionpool - Pipeline pipeline_20250526_023506_a27d6e - Starting new HTTPS connection (1): api-t1.fyers.in:443
2025-05-26 02:35:06 [DEBUG] urllib3.connectionpool - Pipeline pipeline_20250526_023506_a27d6e - https://api-t1.fyers.in:443 "GET /data/history?symbol=NSE%3ARELIANCE-EQ&resolution=1&date_format=1&range_from=2025-05-06&range_to=2025-05-26&cont_flag=1 HTTP/1.1" 200 None
2025-05-26 02:35:06 [DEBUG] urllib3.connectionpool - Pipeline pipeline_20250526_023506_a27d6e - Starting new HTTPS connection (1): api-t1.fyers.in:443
2025-05-26 02:35:07 [DEBUG] urllib3.connectionpool - Pipeline pipeline_20250526_023506_a27d6e - https://api-t1.fyers.in:443 "GET /data/history?symbol=NSE%3ATCS-EQ&resolution=1&date_format=1&range_from=2025-05-06&range_to=2025-05-26&cont_flag=1 HTTP/1.1" 200 None
2025-05-26 02:35:07 [DEBUG] trading.utils.pipeline_tracker - Pipeline pipeline_20250526_023506_a27d6e - Saved raw data for 2 symbols
2025-05-26 02:35:07 [INFO] __main__ - Pipeline pipeline_20250526_023506_a27d6e - ✓ Fetched data for 2 symbols
2025-05-26 02:35:07 [INFO] __main__ - Pipeline pipeline_20250526_023506_a27d6e - Step 2: Computing technical features...
2025-05-26 02:35:07 [DEBUG] trading.utils.pipeline_tracker - Pipeline pipeline_20250526_023506_a27d6e - Saved features: open, high, low, close, volume, rsi, sma_fast, sma_slow
2025-05-26 02:35:07 [INFO] __main__ - Pipeline pipeline_20250526_023506_a27d6e - ✓ Generated 8 features
2025-05-26 02:35:07 [INFO] __main__ - Pipeline pipeline_20250526_023506_a27d6e - Step 3: Generating trading signals...
2025-05-26 02:35:07 [INFO] __main__ - Pipeline pipeline_20250526_023506_a27d6e - ✓ Generated 0 trading signals
2025-05-26 02:35:07 [INFO] __main__ - Pipeline pipeline_20250526_023506_a27d6e - Step 4: Executing trades...
2025-05-26 02:35:07 [INFO] __main__ - Pipeline pipeline_20250526_023506_a27d6e - ✓ Trade execution complete
2025-05-26 02:35:07 [INFO] trading.utils.pipeline_tracker - Pipeline pipeline_20250526_023506_a27d6e - Pipeline pipeline_20250526_023506_a27d6e completed
2025-05-26 02:35:10 [INFO] __main__ - Pipeline pipeline_20250526_023506_a27d6e - Shutting down...
2025-05-26 02:35:10 [INFO] apscheduler.scheduler - Pipeline pipeline_20250526_023506_a27d6e - Scheduler has been shut down
2025-05-26 02:35:10 [DEBUG] apscheduler.scheduler - Pipeline pipeline_20250526_023506_a27d6e - Looking for jobs to run
2025-05-26 02:35:10 [DEBUG] apscheduler.scheduler - Pipeline pipeline_20250526_023506_a27d6e - No jobs; waiting until a job is added
2025-05-26 02:35:10 [INFO] __main__ - Pipeline pipeline_20250526_023506_a27d6e - System stopped.
